# JRE version: OpenJDK Runtime Environment Temurin-17.0.8.1+1 (17.0.8.1+1) (build 17.0.8.1+1)
# Java VM: OpenJDK 64-Bit Server VM Temurin-17.0.8.1+1 (17.0.8.1+1, mixed mode, emulated-client, tiered, compressed oops, compressed class ptrs, g1 gc, windows-amd64)
GC Precious Log:
 CPUs: 4 total, 4 available
 Memory: 3976M
 Large Page Support: Disabled
 NUMA Support: Disabled
 Compressed Oops: Enabled (32-bit)
 Heap Region Size: 1M
 Heap Min Capacity: 8M
 Heap Initial Capacity: 64M
 Heap Max Capacity: 1G
 Pre-touch: Disabled
 Parallel Workers: 4
 Concurrent Workers: 1
 Concurrent Refinement Workers: 4
 Periodic GC: Disabled
Heap:
 garbage-first heap   total 91136K, used 29934K [0x00000000c0000000, 0x0000000100000000)
  region size 1024K, 1 young (1024K), 0 survivors (0K)
 Metaspace       used 55501K, committed 56192K, reserved 1114112K
  class space    used 7056K, committed 7296K, reserved 1048576K
GC Heap History (20 events):
Event: 8925.589 GC heap before
{Heap before GC invocations=576 (full 552):
 garbage-first heap   total 91136K, used 29934K [0x00000000c0000000, 0x0000000100000000)
  region size 1024K, 1 young (1024K), 0 survivors (0K)
 Metaspace       used 55501K, committed 56192K, reserved 1114112K
  class space    used 7056K, committed 7296K, reserved 1048576K
}
Event: 8925.654 GC heap after
{Heap after GC invocations=577 (full 553):
 garbage-first heap   total 91136K, used 29934K [0x00000000c0000000, 0x0000000100000000)
  region size 1024K, 0 young (0K), 0 survivors (0K)
 Metaspace       used 55501K, committed 56192K, reserved 1114112K
  class space    used 7056K, committed 7296K, reserved 1048576K
}
Event: 8935.929 GC heap before
{Heap before GC invocations=577 (full 553):
 garbage-first heap   total 91136K, used 29934K [0x00000000c0000000, 0x0000000100000000)
  region size 1024K, 1 young (1024K), 0 survivors (0K)
 Metaspace       used 55501K, committed 56192K, reserved 1114112K
  class space    used 7056K, committed 7296K, reserved 1048576K
}
Event: 8935.992 GC heap after
{Heap after GC invocations=578 (full 554):
 garbage-first heap   total 91136K, used 29934K [0x00000000c0000000, 0x0000000100000000)
  region size 1024K, 0 young (0K), 0 survivors (0K)
 Metaspace       used 55501K, committed 56192K, reserved 1114112K
  class space    used 7056K, committed 7296K, reserved 1048576K
}
Event: 8946.712 GC heap before
{Heap before GC invocations=578 (full 554):
 garbage-first heap   total 91136K, used 29934K [0x00000000c0000000, 0x0000000100000000)
  region size 1024K, 1 young (1024K), 0 survivors (0K)
 Metaspace       used 55501K, committed 56192K, reserved 1114112K
  class space    used 7056K, committed 7296K, reserved 1048576K
}
Event: 8946.776 GC heap after
{Heap after GC invocations=579 (full 555):
 garbage-first heap   total 91136K, used 29934K [0x00000000c0000000, 0x0000000100000000)
  region size 1024K, 0 young (0K), 0 survivors (0K)
 Metaspace       used 55501K, committed 56192K, reserved 1114112K
  class space    used 7056K, committed 7296K, reserved 1048576K
}
Event: 8957.044 GC heap before
{Heap before GC invocations=579 (full 555):
 garbage-first heap   total 91136K, used 29934K [0x00000000c0000000, 0x0000000100000000)
  region size 1024K, 1 young (1024K), 0 survivors (0K)
 Metaspace       used 55501K, committed 56192K, reserved 1114112K
  class space    used 7056K, committed 7296K, reserved 1048576K
}
Event: 8957.108 GC heap after
{Heap after GC invocations=580 (full 556):
 garbage-first heap   total 91136K, used 29934K [0x00000000c0000000, 0x0000000100000000)
  region size 1024K, 0 young (0K), 0 survivors (0K)
 Metaspace       used 55501K, committed 56192K, reserved 1114112K
  class space    used 7056K, committed 7296K, reserved 1048576K
}
Event: 8969.740 GC heap before
{Heap before GC invocations=580 (full 556):
 garbage-first heap   total 91136K, used 29934K [0x00000000c0000000, 0x0000000100000000)
  region size 1024K, 1 young (1024K), 0 survivors (0K)
 Metaspace       used 55501K, committed 56192K, reserved 1114112K
  class space    used 7056K, committed 7296K, reserved 1048576K
}
Event: 8969.799 GC heap after
{Heap after GC invocations=581 (full 557):
 garbage-first heap   total 91136K, used 29934K [0x00000000c0000000, 0x0000000100000000)
  region size 1024K, 0 young (0K), 0 survivors (0K)
 Metaspace       used 55501K, committed 56192K, reserved 1114112K
  class space    used 7056K, committed 7296K, reserved 1048576K
}
Event: 8981.922 GC heap before
{Heap before GC invocations=581 (full 557):
 garbage-first heap   total 91136K, used 29934K [0x00000000c0000000, 0x0000000100000000)
  region size 1024K, 1 young (1024K), 0 survivors (0K)
 Metaspace       used 55501K, committed 56192K, reserved 1114112K
  class space    used 7056K, committed 7296K, reserved 1048576K
}
Event: 8981.981 GC heap after
{Heap after GC invocations=582 (full 558):
 garbage-first heap   total 91136K, used 29934K [0x00000000c0000000, 0x0000000100000000)
  region size 1024K, 0 young (0K), 0 survivors (0K)
 Metaspace       used 55501K, committed 56192K, reserved 1114112K
  class space    used 7056K, committed 7296K, reserved 1048576K
}
Event: 8993.106 GC heap before
{Heap before GC invocations=582 (full 558):
 garbage-first heap   total 91136K, used 29934K [0x00000000c0000000, 0x0000000100000000)
  region size 1024K, 1 young (1024K), 0 survivors (0K)
 Metaspace       used 55501K, committed 56192K, reserved 1114112K
  class space    used 7056K, committed 7296K, reserved 1048576K
}
Event: 8993.181 GC heap after
{Heap after GC invocations=583 (full 559):
 garbage-first heap   total 91136K, used 29934K [0x00000000c0000000, 0x0000000100000000)
  region size 1024K, 0 young (0K), 0 survivors (0K)
 Metaspace       used 55501K, committed 56192K, reserved 1114112K
  class space    used 7056K, committed 7296K, reserved 1048576K
}
Event: 9004.621 GC heap before
{Heap before GC invocations=583 (full 559):
 garbage-first heap   total 91136K, used 29934K [0x00000000c0000000, 0x0000000100000000)
  region size 1024K, 1 young (1024K), 0 survivors (0K)
 Metaspace       used 55501K, committed 56192K, reserved 1114112K
  class space    used 7056K, committed 7296K, reserved 1048576K
}
Event: 9004.685 GC heap after
{Heap after GC invocations=584 (full 560):
 garbage-first heap   total 91136K, used 29934K [0x00000000c0000000, 0x0000000100000000)
  region size 1024K, 0 young (0K), 0 survivors (0K)
 Metaspace       used 55501K, committed 56192K, reserved 1114112K
  class space    used 7056K, committed 7296K, reserved 1048576K
}
Event: 9015.279 GC heap before
{Heap before GC invocations=584 (full 560):
 garbage-first heap   total 91136K, used 29934K [0x00000000c0000000, 0x0000000100000000)
  region size 1024K, 1 young (1024K), 0 survivors (0K)
 Metaspace       used 55501K, committed 56192K, reserved 1114112K
  class space    used 7056K, committed 7296K, reserved 1048576K
}
Event: 9015.342 GC heap after
{Heap after GC invocations=585 (full 561):
 garbage-first heap   total 91136K, used 29934K [0x00000000c0000000, 0x0000000100000000)
  region size 1024K, 0 young (0K), 0 survivors (0K)
 Metaspace       used 55501K, committed 56192K, reserved 1114112K
  class space    used 7056K, committed 7296K, reserved 1048576K
}
Event: 9025.948 GC heap before
{Heap before GC invocations=585 (full 561):
 garbage-first heap   total 91136K, used 29934K [0x00000000c0000000, 0x0000000100000000)
  region size 1024K, 1 young (1024K), 0 survivors (0K)
 Metaspace       used 55501K, committed 56192K, reserved 1114112K
  class space    used 7056K, committed 7296K, reserved 1048576K
}
Event: 9026.013 GC heap after
{Heap after GC invocations=586 (full 562):
 garbage-first heap   total 91136K, used 29934K [0x00000000c0000000, 0x0000000100000000)
  region size 1024K, 0 young (0K), 0 survivors (0K)
 Metaspace       used 55501K, committed 56192K, reserved 1114112K
  class space    used 7056K, committed 7296K, reserved 1048576K
}

